[    0.000000] Linux version 4.15.0-212-generic (buildd@lcy02-amd64-083) (gcc version 7.5.0 (Ubuntu 7.5.0-3ubuntu1~18.04)) #223-Ubuntu SMP Tue May 23 13:09:22 UTC 2023 (Ubuntu 4.15.0-212.223-generic 4.15.18)
[    0.000000] Command line: BOOT_IMAGE=/boot/vmlinuz-4.15.0-212-generic root=LABEL=cloudimg-rootfs ro console=tty1 console=ttyS0
[    0.000000] KERNEL supported cpus:
[    0.000000]   Intel GenuineIntel
[    0.000000]   AMD AuthenticAMD
[    0.000000]   Centaur CentaurHauls
[    0.000000] [Firmware Bug]: TSC doesn't count with P0 frequency!
[    0.000000] x86/fpu: x87 FPU will use FXSAVE
[    0.000000] e820: BIOS-provided physical RAM map:
[    0.000000] BIOS-e820: [mem 0x0000000000000000-0x000000000009fbff] usable
[    0.000000] BIOS-e820: [mem 0x000000000009fc00-0x000000000009ffff] reserved
[    0.000000] BIOS-e820: [mem 0x00000000000f0000-0x00000000000fffff] reserved
[    0.000000] BIOS-e820: [mem 0x0000000000100000-0x00000000dffeffff] usable
[    0.000000] BIOS-e820: [mem 0x00000000dfff0000-0x00000000dfffffff] ACPI data
[    0.000000] BIOS-e820: [mem 0x00000000fec00000-0x00000000fec00fff] reserved
[    0.000000] BIOS-e820: [mem 0x00000000fee00000-0x00000000fee00fff] reserved
[    0.000000] BIOS-e820: [mem 0x00000000fffc0000-0x00000000ffffffff] reserved
[    0.000000] BIOS-e820: [mem 0x0000000100000000-0x000000011fffffff] usable
[    0.000000] NX (Execute Disable) protection: active
[    0.000000] SMBIOS 2.5 present.
[    0.000000] DMI: innotek GmbH VirtualBox/VirtualBox, BIOS VirtualBox 12/01/2006
[    0.000000] Hypervisor detected: KVM
[    0.000000] e820: last_pfn = 0x120000 max_arch_pfn = 0x400000000
[    0.000000] x86/PAT: Configuration [0-7]: WB  WC  UC- UC  WB  WP  UC- WT  
[    0.000000] CPU MTRRs all blank - virtualized system.
[    0.000000] e820: last_pfn = 0xdfff0 max_arch_pfn = 0x400000000
[    0.000000] found SMP MP-table at [mem 0x0009fbf0-0x0009fbff]
[    0.000000] Scanning 1 areas for low memory corruption
[    0.000000] RAMDISK: [mem 0x359cb000-0x36cdcfff]
[    0.000000] ACPI: Early table checksum verification disabled
[    0.000000] ACPI: RSDP 0x00000000000E0000 000024 (v02 VBOX  )
[    0.000000] ACPI: XSDT 0x00000000DFFF0030 00003C (v01 VBOX   VBOXXSDT 00000001 ASL  00000061)
[    0.000000] ACPI: FACP 0x00000000DFFF00F0 0000F4 (v04 VBOX   VBOXFACP 00000001 ASL  00000061)
[    0.000000] ACPI: DSDT 0x00000000DFFF0640 002353 (v02 VBOX   VBOXBIOS 00000002 INTL 20100528)
[    0.000000] ACPI: FACS 0x00000000DFFF0200 000040
[    0.000000] ACPI: FACS 0x00000000DFFF0200 000040
[    0.000000] ACPI: APIC 0x00000000DFFF0240 00008C (v02 VBOX   VBOXAPIC 00000001 ASL  00000061)
[    0.000000] ACPI: SSDT 0x00000000DFFF02D0 00036C (v01 VBOX   VBOXCPUT 00000002 INTL 20100528)
[    0.000000] ACPI: Reserving FACP table memory at [mem 0xdfff00f0-0xdfff01e3]
[    0.000000] ACPI: Reserving DSDT table memory at [mem 0xdfff0640-0xdfff2992]
[    0.000000] ACPI: Reserving FACS table memory at [mem 0xdfff0200-0xdfff023f]
[    0.000000] ACPI: Reserving FACS table memory at [mem 0xdfff0200-0xdfff023f]
[    0.000000] ACPI: Reserving APIC table memory at [mem 0xdfff0240-0xdfff02cb]
[    0.000000] ACPI: Reserving SSDT table memory at [mem 0xdfff02d0-0xdfff063b]
[    0.000000] No NUMA configuration found
[    0.000000] Faking a node at [mem 0x0000000000000000-0x000000011fffffff]
[    0.000000] NODE_DATA(0) allocated [mem 0x11ffd1000-0x11fffbfff]
[    0.000000] kvm-clock: cpu 0, msr 1:1ff50001, primary cpu clock
[    0.000000] kvm-clock: Using msrs 4b564d01 and 4b564d00
[    0.000000] kvm-clock: using sched offset of 4483492476 cycles
[    0.000000] clocksource: kvm-clock: mask: 0xffffffffffffffff max_cycles: 0x1cd42e4dffb, max_idle_ns: 881590591483 ns
[    0.000000] Zone ranges:
[    0.000000]   DMA      [mem 0x0000000000001000-0x0000000000ffffff]
[    0.000000]   DMA32    [mem 0x0000000001000000-0x00000000ffffffff]
[    0.000000]   Normal   [mem 0x0000000100000000-0x000000011fffffff]
[    0.000000]   Device   empty
[    0.000000] Movable zone start for each node
[    0.000000] Early memory node ranges
[    0.000000]   node   0: [mem 0x0000000000001000-0x000000000009efff]
[    0.000000]   node   0: [mem 0x0000000000100000-0x00000000dffeffff]
[    0.000000]   node   0: [mem 0x0000000100000000-0x000000011fffffff]
[    0.000000] Reserved but unavailable: 104 pages
[    0.000000] Initmem setup node 0 [mem 0x0000000000001000-0x000000011fffffff]
[    0.000000] ACPI: PM-Timer IO Port: 0x4008
[    0.000000] IOAPIC[0]: apic_id 8, version 32, address 0xfec00000, GSI 0-23
[    0.000000] ACPI: INT_SRC_OVR (bus 0 bus_irq 0 global_irq 2 dfl dfl)
[    0.000000] ACPI: INT_SRC_OVR (bus 0 bus_irq 9 global_irq 9 low level)
[    0.000000] Using ACPI (MADT) for SMP configuration information
[    0.000000] smpboot: Allowing 8 CPUs, 0 hotplug CPUs
[    0.000000] PM: Registered nosave memory: [mem 0x00000000-0x00000fff]
[    0.000000] PM: Registered nosave memory: [mem 0x0009f000-0x0009ffff]
[    0.000000] PM: Registered nosave memory: [mem 0x000a0000-0x000effff]
[    0.000000] PM: Registered nosave memory: [mem 0x000f0000-0x000fffff]
[    0.000000] PM: Registered nosave memory: [mem 0xdfff0000-0xdfffffff]
[    0.000000] PM: Registered nosave memory: [mem 0xe0000000-0xfebfffff]
[    0.000000] PM: Registered nosave memory: [mem 0xfec00000-0xfec00fff]
[    0.000000] PM: Registered nosave memory: [mem 0xfec01000-0xfedfffff]
[    0.000000] PM: Registered nosave memory: [mem 0xfee00000-0xfee00fff]
[    0.000000] PM: Registered nosave memory: [mem 0xfee01000-0xfffbffff]
[    0.000000] PM: Registered nosave memory: [mem 0xfffc0000-0xffffffff]
[    0.000000] e820: [mem 0xe0000000-0xfebfffff] available for PCI devices
[    0.000000] Booting paravirtualized kernel on KVM
[    0.000000] clocksource: refined-jiffies: mask: 0xffffffff max_cycles: 0xffffffff, max_idle_ns: 7645519600211568 ns
[    0.000000] setup_percpu: NR_CPUS:8192 nr_cpumask_bits:8 nr_cpu_ids:8 nr_node_ids:1
[    0.000000] percpu: Embedded 50 pages/cpu s167936 r8192 d28672 u262144
[    0.000000] PV qspinlock hash table entries: 256 (order: 0, 4096 bytes)
[    0.000000] Built 1 zonelists, mobility grouping on.  Total pages: 1032057
[    0.000000] Policy zone: Normal
[    0.000000] Kernel command line: BOOT_IMAGE=/boot/vmlinuz-4.15.0-212-generic root=LABEL=cloudimg-rootfs ro console=tty1 console=ttyS0
[    0.000000] Memory: 4012052K/4193848K available (12300K kernel code, 2477K rwdata, 4324K rodata, 2480K init, 2720K bss, 181796K reserved, 0K cma-reserved)
[    0.000000] SLUB: HWalign=64, Order=0-3, MinObjects=0, CPUs=8, Nodes=1
[    0.000000] ftrace: allocating 39508 entries in 155 pages
[    0.004000] Hierarchical RCU implementation.
[    0.004000] 	RCU restricting CPUs from NR_CPUS=8192 to nr_cpu_ids=8.
[    0.004000] 	Tasks RCU enabled.
[    0.004000] RCU: Adjusting geometry for rcu_fanout_leaf=16, nr_cpu_ids=8
[    0.004000] NR_IRQS: 524544, nr_irqs: 488, preallocated irqs: 16
[    0.004000] random: crng init done
[    0.004000] Console: colour VGA+ 80x25
[    0.004000] console [tty1] enabled
[    0.004000] console [ttyS0] enabled
[    0.004000] ACPI: Core revision 20170831
[    0.004000] ACPI: 2 ACPI AML tables successfully acquired and loaded
[    0.004000] APIC: Switch to symmetric I/O mode setup
[    0.008000] ..TIMER: vector=0x30 apic1=0 pin1=2 apic2=-1 pin2=-1
[    0.008009] tsc: Detected 3293.726 MHz processor
[    0.012014] Calibrating delay loop (skipped) preset value.. 6587.45 BogoMIPS (lpj=13174904)
[    0.016005] pid_max: default: 32768 minimum: 301
[    0.020140] Security Framework initialized
[    0.024008] Yama: becoming mindful.
[    0.028377] AppArmor: AppArmor initialized
[    0.053687] Dentry cache hash table entries: 524288 (order: 10, 4194304 bytes)
[    0.066612] Inode-cache hash table entries: 262144 (order: 9, 2097152 bytes)
[    0.068381] Mount-cache hash table entries: 8192 (order: 4, 65536 bytes)
[    0.072399] Mountpoint-cache hash table entries: 8192 (order: 4, 65536 bytes)
[    0.077864] Last level iTLB entries: 4KB 512, 2MB 512, 4MB 256
[    0.080005] Last level dTLB entries: 4KB 2048, 2MB 2048, 4MB 1024, 1GB 0
[    0.084006] Spectre V1 : Mitigation: usercopy/swapgs barriers and __user pointer sanitization
[    0.088008] Spectre V2 : Mitigation: Retpolines
[    0.092004] Spectre V2 : Spectre v2 / SpectreRSB mitigation: Filling RSB on context switch
[    0.096005] Spectre V2 : Spectre v2 / SpectreRSB : Filling RSB on VMEXIT
[    0.100292] Freeing SMP alternatives memory: 36K
[    0.220786] APIC calibration not consistent with PM-Timer: 101ms instead of 100ms
[    0.224000] APIC delta adjusted to PM-Timer: 6274860 (6384737)
[    0.228519] smpboot: CPU0: AMD Ryzen 9 6900HS with Radeon Graphics (family: 0x19, model: 0x44, stepping: 0x1)
[    0.232757] Performance Events: PMU not available due to virtualization, using software events only.
[    0.236137] Hierarchical SRCU implementation.
[    0.240996] NMI watchdog: Perf event create on CPU 0 failed with -2
[    0.244004] NMI watchdog: Perf NMI watchdog permanently disabled
[    0.249275] smp: Bringing up secondary CPUs ...
[    0.252936] x86: Booting SMP configuration:
[    0.256004] .... node  #0, CPUs:      #1
[    0.004000] kvm-clock: cpu 1, msr 1:1ff50041, secondary cpu clock
[    0.266594] TSC synchronization [CPU#0 -> CPU#1]:
[    0.268000] Measured 107943 cycles TSC warp between CPUs, turning off TSC clock.
[    0.268000] tsc: Marking TSC unstable due to check_tsc_sync_source failed
[    0.272272]  #2
[    0.004000] kvm-clock: cpu 2, msr 1:1ff50081, secondary cpu clock
[    0.281521]  #3
[    0.004000] kvm-clock: cpu 3, msr 1:1ff500c1, secondary cpu clock
[    0.293077]  #4
[    0.004000] kvm-clock: cpu 4, msr 1:1ff50101, secondary cpu clock
[    0.301009]  #5
[    0.004000] kvm-clock: cpu 5, msr 1:1ff50141, secondary cpu clock
[    0.309134]  #6
[    0.004000] kvm-clock: cpu 6, msr 1:1ff50181, secondary cpu clock
[    0.317364]  #7
[    0.004000] kvm-clock: cpu 7, msr 1:1ff501c1, secondary cpu clock
[    0.328367] smp: Brought up 1 node, 8 CPUs
[    0.332000] smpboot: Max logical packages: 1
[    0.332009] smpboot: Total of 8 processors activated (52699.61 BogoMIPS)
[    0.340748] devtmpfs: initialized
[    0.344324] x86/mm: Memory block size: 128MB
[    0.349046] evm: security.selinux
[    0.351669] evm: security.SMACK64
[    0.352004] evm: security.SMACK64EXEC
[    0.355160] evm: security.SMACK64TRANSMUTE
[    0.356004] evm: security.SMACK64MMAP
[    0.360004] evm: security.apparmor
[    0.362706] evm: security.ima
[    0.364000] evm: security.capability
[    0.364650] clocksource: jiffies: mask: 0xffffffff max_cycles: 0xffffffff, max_idle_ns: 7645041785100000 ns
[    0.372102] futex hash table entries: 2048 (order: 5, 131072 bytes)
[    0.377071] pinctrl core: initialized pinctrl subsystem
[    0.380775] RTC time: 21:45:28, date: 12/18/24
[    0.388589] NET: Registered protocol family 16
[    0.392222] audit: initializing netlink subsys (disabled)
[    0.400126] audit: type=2000 audit(1734558333.830:1): state=initialized audit_enabled=0 res=1
[    0.404007] cpuidle: using governor ladder
[    0.408742] cpuidle: using governor menu
[    0.416436] ACPI: bus type PCI registered
[    0.420006] acpiphp: ACPI Hot Plug PCI Controller Driver version: 0.5
[    0.425084] PCI: Using configuration type 1 for base access
[    0.432004] PCI: Using configuration type 1 for extended access
[    0.444734] HugeTLB registered 2.00 MiB page size, pre-allocated 0 pages
[    0.456990] ACPI: Added _OSI(Module Device)
[    0.460164] ACPI: Added _OSI(Processor Device)
[    0.464007] ACPI: Added _OSI(3.0 _SCP Extensions)
[    0.468005] ACPI: Added _OSI(Processor Aggregator Device)
[    0.472000] ACPI: Added _OSI(Linux-Dell-Video)
[    0.472006] ACPI: Added _OSI(Linux-Lenovo-NV-HDMI-Audio)
[    0.476005] ACPI: Added _OSI(Linux-HPI-Hybrid-Graphics)
[    0.480882] ACPI: Executed 1 blocks of module-level executable AML code
[    0.495116] ACPI: Interpreter enabled
[    0.496025] ACPI: (supports S0 S5)
[    0.499753] ACPI: Using IOAPIC for interrupt routing
[    0.500500] PCI: Using host bridge windows from ACPI; if necessary, use "pci=nocrs" and report a bug
[    0.508379] ACPI: Enabled 2 GPEs in block 00 to 07
[    0.528000] ACPI: PCI Root Bridge [PCI0] (domain 0000 [bus 00-ff])
[    0.532031] acpi PNP0A03:00: _OSC: OS supports [ExtendedConfig ASPM ClockPM Segments MSI]
[    0.540286] acpi PNP0A03:00: _OSC: platform does not support [PCIeCapability]
[    0.545130] acpi PNP0A03:00: _OSC: not requesting control; platform does not support [PCIeCapability]
[    0.552011] acpi PNP0A03:00: _OSC: OS requested [PCIeHotplug PME AER PCIeCapability]
[    0.560010] acpi PNP0A03:00: _OSC: platform willing to grant [PCIeHotplug PME AER]
[    0.564009] acpi PNP0A03:00: _OSC failed (AE_SUPPORT); disabling ASPM
[    0.572918] PCI host bridge to bus 0000:00
[    0.576011] pci_bus 0000:00: root bus resource [io  0x0000-0x0cf7 window]
[    0.580009] pci_bus 0000:00: root bus resource [io  0x0d00-0xffff window]
[    0.584007] pci_bus 0000:00: root bus resource [mem 0x000a0000-0x000bffff window]
[    0.592006] pci_bus 0000:00: root bus resource [mem 0xe0000000-0xfdffffff window]
[    0.596008] pci_bus 0000:00: root bus resource [bus 00-ff]
[    0.604000] pci 0000:00:01.1: legacy IDE quirk: reg 0x10: [io  0x01f0-0x01f7]
[    0.612005] pci 0000:00:01.1: legacy IDE quirk: reg 0x14: [io  0x03f6]
[    0.616006] pci 0000:00:01.1: legacy IDE quirk: reg 0x18: [io  0x0170-0x0177]
[    0.620005] pci 0000:00:01.1: legacy IDE quirk: reg 0x1c: [io  0x0376]
[    0.642950] pci 0000:00:07.0: quirk: [io  0x4000-0x403f] claimed by PIIX4 ACPI
[    0.648057] pci 0000:00:07.0: quirk: [io  0x4100-0x410f] claimed by PIIX4 SMB
[    0.664384] ACPI: PCI Interrupt Link [LNKA] (IRQs 5 9 10 *11)
[    0.672666] ACPI: PCI Interrupt Link [LNKB] (IRQs 5 9 *10 11)
[    0.676324] ACPI: PCI Interrupt Link [LNKC] (IRQs 5 *9 10 11)
[    0.680035] ACPI: PCI Interrupt Link [LNKD] (IRQs 5 9 10 *11)
[    0.688870] SCSI subsystem initialized
[    0.692536] pci 0000:00:02.0: vgaarb: setting as boot VGA device
[    0.696000] pci 0000:00:02.0: vgaarb: VGA device added: decodes=io+mem,owns=io+mem,locks=none
[    0.704009] pci 0000:00:02.0: vgaarb: bridge control possible
[    0.708003] vgaarb: loaded
[    0.712111] ACPI: bus type USB registered
[    0.716030] usbcore: registered new interface driver usbfs
[    0.720076] usbcore: registered new interface driver hub
[    0.724021] usbcore: registered new device driver usb
[    0.732413] EDAC MC: Ver: 3.0.0
[    0.736303] PCI: Using ACPI for IRQ routing
[    0.740994] NetLabel: Initializing
[    0.744004] NetLabel:  domain hash size = 128
[    0.748004] NetLabel:  protocols = UNLABELED CIPSOv4 CALIPSO
[    0.752021] NetLabel:  unlabeled traffic allowed by default
[    0.759668] clocksource: Switched to clocksource kvm-clock
[    0.768129] VFS: Disk quotas dquot_6.6.0
[    0.768129] VFS: Dquot-cache hash table entries: 512 (order 0, 4096 bytes)
[    0.768129] AppArmor: AppArmor Filesystem Enabled
[    0.768129] pnp: PnP ACPI init
[    0.768129] pnp: PnP ACPI: found 3 devices
[    0.903665] clocksource: acpi_pm: mask: 0xffffff max_cycles: 0xffffff, max_idle_ns: 2085701024 ns
[    0.904424] NET: Registered protocol family 2
[    0.904424] IP idents hash table entries: 65536 (order: 7, 524288 bytes)
[    0.927942] TCP established hash table entries: 32768 (order: 6, 262144 bytes)
[    0.936690] TCP bind hash table entries: 32768 (order: 7, 524288 bytes)
[    0.939328] TCP: Hash tables configured (established 32768 bind 32768)
[    0.939328] UDP hash table entries: 2048 (order: 4, 65536 bytes)
[    0.939328] UDP-Lite hash table entries: 2048 (order: 4, 65536 bytes)
[    0.939328] NET: Registered protocol family 1
[    0.939328] pci 0000:00:00.0: Limiting direct PCI/PCI transfers
[    0.939328] pci 0000:00:01.0: Activating ISA DMA hang workarounds
[    0.939328] pci 0000:00:02.0: Video device with shadowed ROM at [mem 0x000c0000-0x000dffff]
[    0.939328] Unpacking initramfs...
[    1.284173] Freeing initrd memory: 19528K
[    1.284173] PCI-DMA: Using software bounce buffering for IO (SWIOTLB)
[    1.284173] software IO TLB: mapped [mem 0xdbff0000-0xdfff0000] (64MB)
[    1.284173] clocksource: tsc: mask: 0xffffffffffffffff max_cycles: 0x2f7a25bf08f, max_idle_ns: 440795340530 ns
[    1.284173] platform rtc_cmos: registered platform RTC device (no PNP device found)
[    1.284173] Scanning for low memory corruption every 60 seconds
[    1.689153] Initialise system trusted keyrings
[    1.693933] Key type blacklist registered
[    1.699614] workingset: timestamp_bits=36 max_order=20 bucket_order=0
[    1.710445] zbud: loaded
[    1.716174] squashfs: version 4.0 (2009/01/31) Phillip Lougher
[    1.724384] fuse init (API version 7.26)
[    1.793863] Key type asymmetric registered
[    1.798003] Asymmetric key parser 'x509' registered
[    1.802942] Block layer SCSI generic (bsg) driver version 0.4 loaded (major 246)
[    1.811735] io scheduler noop registered
[    1.816458] io scheduler deadline registered
[    1.821555] io scheduler cfq registered (default)
[    1.831559] ACPI: AC Adapter [AC] (off-line)
[    1.836466] input: Power Button as /devices/LNXSYSTM:00/LNXPWRBN:00/input/input0
[    1.845108] ACPI: Power Button [PWRF]
[    1.849289] input: Sleep Button as /devices/LNXSYSTM:00/LNXSLPBN:00/input/input1
[    1.857634] ACPI: Sleep Button [SLPF]
[    1.865364] Serial: 8250/16550 driver, 32 ports, IRQ sharing enabled
[    1.866171] ACPI: Battery Slot [BAT0] (battery present)
[    1.902673] 00:02: ttyS0 at I/O 0x3f8 (irq = 4, base_baud = 115200) is a 16550A
[    1.936556] Linux agpgart interface v0.103
[    1.964985] loop: module loaded
[    1.974129] scsi host0: ata_piix
[    1.980199] scsi host1: ata_piix
[    1.984015] ata1: PATA max UDMA/33 cmd 0x1f0 ctl 0x3f6 bmdma 0xd000 irq 14
[    1.984055] ata2: PATA max UDMA/33 cmd 0x170 ctl 0x376 bmdma 0xd008 irq 15
[    1.998204] tun: Universal TUN/TAP device driver, 1.6
[    2.004451] PPP generic driver version 2.4.2
[    2.009665] ehci_hcd: USB 2.0 'Enhanced' Host Controller (EHCI) Driver
[    2.013587] ehci-pci: EHCI PCI platform driver
[    2.013587] ehci-platform: EHCI generic platform driver
[    2.013587] ohci_hcd: USB 1.1 'Open' Host Controller (OHCI) Driver
[    2.013587] ohci-pci: OHCI PCI platform driver
[    2.013587] ohci-platform: OHCI generic platform driver
[    2.013587] uhci_hcd: USB Universal Host Controller Interface driver
[    2.013587] i8042: PNP: PS/2 Controller [PNP0303:PS2K,PNP0f03:PS2M] at 0x60,0x64 irq 1,12
[    2.061712] serio: i8042 KBD port at 0x60,0x64 irq 1
[    2.067098] serio: i8042 AUX port at 0x60,0x64 irq 12
[    2.074580] mousedev: PS/2 mouse device common for all mice
[    2.086953] input: AT Translated Set 2 keyboard as /devices/platform/i8042/serio0/input/input2
[    2.087283] rtc_cmos rtc_cmos: rtc core: registered rtc_cmos as rtc0
[    2.104737] rtc_cmos rtc_cmos: alarms up to one day, 114 bytes nvram
[    2.112516] i2c /dev entries driver
[    2.116436] device-mapper: uevent: version 1.0.3
[    2.121755] device-mapper: ioctl: 4.37.0-ioctl (2017-09-20) initialised: dm-devel@redhat.com
[    2.132758] ledtrig-cpu: registered to indicate activity on CPUs
[    2.144266] NET: Registered protocol family 10
[    2.171312] Segment Routing with IPv6
[    2.178933] NET: Registered protocol family 17
[    2.186312] Key type dns_resolver registered
[    2.197927] mce: Using 0 MCE banks
[    2.201934] RAS: Correctable Errors collector initialized.
[    2.211292] sched_clock: Marking stable (2211143864, 0)->(3890105677, -1678961813)
[    2.241191] registered taskstats version 1
[    2.245979] Loading compiled-in X.509 certificates
[    2.261821] Loaded X.509 cert 'Build time autogenerated kernel key: b5b26778eaa3ab3a4a6cee031137706e947d12ad'
[    2.271251] Loaded X.509 cert 'Canonical Ltd. Live Patch Signing: 14df34d1a87cf37625abec039ef2bf521249b969'
[    2.283170] Loaded X.509 cert 'Canonical Ltd. Kernel Module Signing: 88f752e560a1e0737e31163a466ad7b70a850c19'
[    2.294468] blacklist: Loading compiled-in revocation X.509 certificates
[    2.301347] Loaded X.509 cert 'Canonical Ltd. Secure Boot Signing: 61482aa2830d0ab2ad5af10b7250da9033ddcef0'
[    2.312605] Loaded X.509 cert 'Canonical Ltd. Secure Boot Signing (2017): 242ade75ac4a15e50d50c84b0d45ff3eae707a03'
[    2.322117] Loaded X.509 cert 'Canonical Ltd. Secure Boot Signing (ESM 2018): 365188c1d374d6b07c3c8f240f8ef722433d6a8b'
[    2.334002] Loaded X.509 cert 'Canonical Ltd. Secure Boot Signing (2019): c0746fd6c5da3ae827864651ad66ae47fe24b3e8'
[    2.347156] Loaded X.509 cert 'Canonical Ltd. Secure Boot Signing (2021 v1): a8d54bbb3825cfb94fa13c9f8a594a195c107b8d'
[    2.357276] Loaded X.509 cert 'Canonical Ltd. Secure Boot Signing (2021 v2): 4cf046892d6fd3c9a5b03f98d845f90851dc6a8c'
[    2.367593] Loaded X.509 cert 'Canonical Ltd. Secure Boot Signing (2021 v3): 100437bb6de6e469b581e61cd66bce3ef4ed53af'
[    2.377954] Loaded X.509 cert 'Canonical Ltd. Secure Boot Signing (Ubuntu Core 2019): c1d57b8f6b743f23ee41f4f7ee292f06eecadfb9'
[    2.388857] zswap: loaded using pool lzo/zbud
[    2.420832] Key type big_key registered
[    2.472480] Key type trusted registered
[    2.493878] Key type encrypted registered
[    2.499523] AppArmor: AppArmor sha1 policy hashing enabled
[    2.506386] ima: No TPM chip found, activating TPM-bypass! (rc=-19)
[    2.511206] ima: Allocated hash algorithm: sha1
[    2.516893] evm: HMAC attrs: 0x1
[    2.521463]   Magic number: 4:854:803
[    2.527850] rtc_cmos rtc_cmos: setting system clock to 2024-12-18 21:45:30 UTC (1734558330)
[    2.537600] BIOS EDD facility v0.16 2004-Jun-25, 0 devices found
[    2.543662] EDD information not available.
[    2.555264] Freeing unused kernel image memory: 2480K
[    2.596548] Write protecting the kernel read-only data: 20480k
[    2.605858] Freeing unused kernel image memory: 2008K
[    2.612365] Freeing unused kernel image memory: 1820K
[    2.626005] x86/mm: Checked W+X mappings: passed, no W+X pages found.
Loading, please wait...
starting version 237
[    2.824945] e1000: Intel(R) PRO/1000 Network Driver - version 7.3.21-k8-NAPI
[    2.834944] e1000: Copyright (c) 1999-2006 Intel Corporation.
[    2.856945] Fusion MPT base driver 3.04.20
[    2.871975] Copyright (c) 1999-2008 LSI Corporation
[    2.924216] SSE version of gcm_enc/dec engaged.
[    2.959355] Fusion MPT SPI Host driver 3.04.20
[    3.162124] input: ImExPS/2 Generic Explorer Mouse as /devices/platform/i8042/serio1/input/input4
[    3.783137] e1000 0000:00:03.0 eth0: (PCI:33MHz:32-bit) 02:3b:7b:b7:3b:2d
[    3.841365] e1000 0000:00:03.0 eth0: Intel(R) PRO/1000 Network Connection
[    4.574079] e1000 0000:00:08.0 eth1: (PCI:33MHz:32-bit) 08:00:27:d6:71:ac
[    4.580687] e1000 0000:00:08.0 eth1: Intel(R) PRO/1000 Network Connection
[    4.593437] mptbase: ioc0: Initiating bringup
[    4.873880] ioc0: LSI53C1030 A0: Capabilities={Initiator}
[    6.507796] scsi host2: ioc0: LSI53C1030 A0, FwRev=00000000h, Ports=1, MaxQ=256, IRQ=20
[    7.625598] scsi 2:0:0:0: Direct-Access     VBOX     HARDDISK         1.0  PQ: 0 ANSI: 5
[    7.665512] scsi target2:0:0: Beginning Domain Validation
[    7.682043] scsi target2:0:0: Domain Validation skipping write tests
[    7.688586] scsi target2:0:0: Ending Domain Validation
[    7.693463] scsi target2:0:0: asynchronous
[    7.701283] scsi 2:0:1:0: Direct-Access     VBOX     HARDDISK         1.0  PQ: 0 ANSI: 5
[    8.268885] scsi target2:0:1: Beginning Domain Validation
[    8.286680] scsi target2:0:1: Domain Validation skipping write tests
[    8.293570] scsi target2:0:1: Ending Domain Validation
[    8.300562] scsi target2:0:1: asynchronous
[    8.322977] sd 2:0:0:0: Attached scsi generic sg0 type 0
[    8.330227] sd 2:0:0:0: [sda] 83886080 512-byte logical blocks: (42.9 GB/40.0 GiB)
[    8.331140] sd 2:0:1:0: Attached scsi generic sg1 type 0
[    8.339631] sd 2:0:0:0: [sda] Write Protect is off
[    8.347545] sd 2:0:1:0: [sdb] 20480 512-byte logical blocks: (10.5 MB/10.0 MiB)
[    8.359676] sd 2:0:1:0: [sdb] Write Protect is off
[    8.360196] sd 2:0:0:0: [sda] Incomplete mode parameter data
[    8.369457] e1000 0000:00:09.0 eth2: (PCI:33MHz:32-bit) 08:00:27:9b:9d:3e
[    8.369462] e1000 0000:00:09.0 eth2: Intel(R) PRO/1000 Network Connection
[    8.371281] sd 2:0:0:0: [sda] Assuming drive cache: write through
[    8.395316] sd 2:0:1:0: [sdb] Incomplete mode parameter data
[    8.402527] sd 2:0:1:0: [sdb] Assuming drive cache: write through
[    8.403045]  sda: sda1
[    8.421799] sd 2:0:0:0: [sda] Attached SCSI disk
[    8.433998] sd 2:0:1:0: [sdb] Attached SCSI disk
[    8.446340] e1000 0000:00:03.0 enp0s3: renamed from eth0
[    8.486003] e1000 0000:00:09.0 enp0s9: renamed from eth2
[    8.518447] e1000 0000:00:08.0 enp0s8: renamed from eth1
Begin: Loading essential drivers ... [   10.952316] raid6: sse2x1   gen()  3372 MB/s
[   11.005390] raid6: sse2x1   xor()  4961 MB/s
[   11.056433] raid6: sse2x2   gen()  7425 MB/s
[   11.108210] raid6: sse2x2   xor()  5931 MB/s
[   11.160226] raid6: sse2x4   gen()  8583 MB/s
[   11.208311] raid6: sse2x4   xor()  5564 MB/s
[   11.212293] raid6: using algorithm sse2x4 gen() 8583 MB/s
[   11.217695] raid6: .... xor() 5564 MB/s, rmw enabled
[   11.223299] raid6: using ssse3x2 recovery algorithm
[   11.236295] xor: measuring software checksum speed
[   11.280248]    prefetch64-sse: 11563.000 MB/sec
[   11.324253]    generic_sse:  8933.000 MB/sec
[   11.328850] xor: using function: prefetch64-sse (11563.000 MB/sec)
[   11.343577] async_tx: api initialized (async)
done.
Begin: Running /scripts/init-premount ... done.
Begin: Mounting root file system ... Begin: Running /scripts/local-top ... done.
Begin: Running /scripts/local-premount ... [   11.465850] Btrfs loaded, crc32c=crc32c-intel
Scanning for Btrfs filesystems
done.
Warning: fsck not present, so skipping root file system
[   11.558973] EXT4-fs (sda1): mounted filesystem with ordered data mode. Opts: (null)
done.
Begin: Running /scripts/local-bottom ... done.
Begin: Running /scripts/init-bottom ... done.
[   11.942926] ip_tables: (C) 2000-2006 Netfilter Core Team
[   11.976914] systemd[1]: systemd 237 running in system mode. (+PAM +AUDIT +SELINUX +IMA +APPARMOR +SMACK +SYSVINIT +UTMP +LIBCRYPTSETUP +GCRYPT +GNUTLS +ACL +XZ +LZ4 +SECCOMP +BLKID +ELFUTILS +KMOD -IDN2 +IDN -PCRE2 default-hierarchy=hybrid)
[   11.996835] systemd[1]: Detected virtualization oracle.
[   12.001492] systemd[1]: Detected architecture x86-64.

Welcome to [1mUbuntu 18.04.6 LTS[0m!

[   12.099582] systemd[1]: Set hostname to <ubuntu>.
[   12.114971] systemd[1]: Initializing machine ID from random generator.
[   12.121901] systemd[1]: Installed transient /etc/machine-id file.
[   13.051185] systemd[1]: Reached target User and Group Name Lookups.
[[0;32m  OK  [0m] Reached target User and Group Name Lookups.
[   13.107425] systemd[1]: Created slice User and Session Slice.
[[0;32m  OK  [0m] Created slice User and Session Slice.
[   13.118220] systemd[1]: Reached target Swap.
[[0;32m  OK  [0m] Reached target Swap.
[   13.129446] systemd[1]: Created slice System Slice.
[[0;32m  OK  [0m] Created slice System Slice.
[[0;32m  OK  [0m] Listening on Network Service Netlink Socket.
[[0;32m  OK  [0m] Listening on /dev/initctl Compatibility Named Pipe.
[[0;32m  OK  [0m] Reached target Slices.
[[0;32m  OK  [0m] Listening on udev Kernel Socket.
[[0;32m  OK  [0m] Listening on Journal Socket.
         Mounting POSIX Message Queue File System...
         Starting Set the console keyboard layout...
         Starting Create list of required st…ce nodes for the current kernel...
         Starting Uncomplicated firewall...
[[0;32m  OK  [0m] Listening on Syslog Socket.
[[0;32m  OK  [0m] Listening on Journal Audit Socket.
         Mounting Huge Pages File System...
[[0;32m  OK  [0m] Listening on fsck to fsckd communication Socket.
         Starting File System Check on Root Device...
[[0;32m  OK  [0m] Listening on LVM2 metadata daemon socket.
[[0;32m  OK  [0m] Set up automount Arbitrary Executab…rmats File System Automount Point.
[[0;32m  OK  [0m] Listening on Device-mapper event daemon FIFOs.
         Starting Monitoring of LVM2 mirrors…ng dmeventd or progress polling...
[[0;32m  OK  [0m] Created slice system-serial\x2dgetty.slice.
[[0;32m  OK  [0m] Listening on LVM2 poll daemon socket.
[[0;32m  OK  [0m] Reached target System Time Synchronized.
         Mounting Kernel Debug File System...
         Starting Load Kernel Modules...
[[0;32m  OK  [0m] Reached target Mounting snaps.
[[0;32m  OK  [0m] Reached target Mounted snaps.
[[0;32m  OK  [0m] Started Forward Password Requests to Wall Directory Watch.
[[0;32m  OK  [0m] Listening on udev Control Socket.
         Starting udev Coldplug all Devices...
[[0;32m  OK  [0m] Listening on Journal Socket (/dev/log).
         Starting Journal Service...
[[0;32m  OK  [0m] Mounted POSIX Message Queue File System.
[[0;32m  OK  [0m] Started Create list of required sta…vice nodes for the current kernel.
[[0;32m  OK  [0m] Started Uncomplicated firewall.
[   13.517381] Loading iSCSI transport class v2.0-870.
[[0;32m  OK  [0m] Mounted Huge Pages File System.
[[0;32m  OK  [0m] Started File System Check on Root Device.
[[0;32m  OK  [0m] Mounted Kernel Debug File System.
[[0;32m  OK  [0m] Started LVM2 metadata daemon.
[[0;32m  OK  [0m] Started File System Check Daemon to report status.
         Starting Remount Root and Kernel File Systems...
         Starting Create Static Device Nodes in /dev...
[[0;32m  OK  [0m] Started Journal Service.
[   13.652933] iscsi: registered transport (tcp)
[[0;32m  OK  [0m] Started udev Coldplug all Devices.
[[0;32m  OK  [0m] Started Create Static Device Nodes in /dev.
[   13.715725] EXT4-fs (sda1): re-mounted. Opts: (null)
[[0;32m  OK  [0m] Started Remount Root and Kernel File Systems.
         Starting udev Kernel Device Manager...
         Starting Flush Journal to Persistent Storage...
         Starting Load/Save Random Seed...
[[0;32m  OK  [0m] Started Monitoring of LVM2 mirrors,…sing dmeventd or progress polling.
[   14.024971] systemd-journald[472]: Received request to flush runtime journal from PID 1
[[0;32m  OK  [0m] Started Load/Save Random Seed.
[[0;32m  OK  [0m] Started udev Kernel Device Manager.
[   14.273842] iscsi: registered transport (iser)
[[0;32m  OK  [0m] Started Load Kernel Modules.
[[0;32m  OK  [0m] Started Flush Journal to Persistent Storage.
         Mounting Kernel Configuration File System...
         Starting Apply Kernel Variables...
         Mounting FUSE Control File System...
[[0;32m  OK  [0m] Mounted Kernel Configuration File System.
[[0;32m  OK  [0m] Mounted FUSE Control File System.
[[0;32m  OK  [0m] Started Apply Kernel Variables.
[[0;32m  OK  [0m] Found device /dev/ttyS0.
[[0;32m  OK  [0m] Listening on Load/Save RF Kill Switch Status /dev/rfkill Watch.
[[0;32m  OK  [0m] Started Set the console keyboard layout.
         Mounting Arbitrary Executable File Formats File System...
[[0;32m  OK  [0m] Started Dispatch Password Requests to Console Directory Watch.
[[0;32m  OK  [0m] Reached target Local Encrypted Volumes.
[[0;32m  OK  [0m] Reached target Local File Systems (Pre).
[[0;32m  OK  [0m] Reached target Local File Systems.
         Starting Tell Plymouth To Write Out Runtime Data...
         Starting Set console font and keymap...
         Starting AppArmor initialization...
         Starting Commit a transient machine-id on disk...
         Starting ebtables ruleset management...
         Starting Create Volatile Files and Directories...
[[0;32m  OK  [0m] Mounted Arbitrary Executable File Formats File System.
[[0;32m  OK  [0m] Started Tell Plymouth To Write Out Runtime Data.
[[0;32m  OK  [0m] Started Create Volatile Files and Directories.
         Starting Update UTMP about System Boot/Shutdown...
[[0;32m  OK  [0m] Started Commit a transient machine-id on disk.
[[0;32m  OK  [0m] Started Update UTMP about System Boot/Shutdown.
[[0;32m  OK  [0m] Started ebtables ruleset management.
[[0;32m  OK  [0m] Started AppArmor initialization.
         Starting Load AppArmor profiles managed internally by snapd...
         Starting Initial cloud-init job (pre-networking)...
[[0;32m  OK  [0m] Started Load AppArmor profiles managed internally by snapd.
[[0;32m  OK  [0m] Started Set console font and keymap.
[   22.208873] cloud-init[862]: Cloud-init v. 23.1.2-0ubuntu0~18.04.1 running 'init-local' at Wed, 18 Dec 2024 21:45:49 +0000. Up 21.67 seconds.
[[0;32m  OK  [0m] Started Initial cloud-init job (pre-networking).
[[0;32m  OK  [0m] Reached target Network (Pre).
         Starting Network Service...
[[0;32m  OK  [0m] Started Network Service.
         Starting Wait for Network to be Configured...
         Starting Network Name Resolution...
[[0;32m  OK  [0m] Started Network Name Resolution.
[[0;32m  OK  [0m] Reached target Network.
[[0;32m  OK  [0m] Reached target Host and Network Name Lookups.
[[0;32m  OK  [0m] Started Wait for Network to be Configured.
         Starting Initial cloud-init job (metadata service crawler)...
[   25.164343] cloud-init[985]: Cloud-init v. 23.1.2-0ubuntu0~18.04.1 running 'init' at Wed, 18 Dec 2024 21:45:52 +0000. Up 24.95 seconds.
[   25.169798] cloud-init[985]: ci-info: ++++++++++++++++++++++++++++++++++++++Net device info+++++++++++++++++++++++++++++++++++++++
[   25.174343] cloud-init[985]: ci-info: +--------+-------+----------------------------+---------------+--------+-------------------+
[   25.179465] cloud-init[985]: ci-info: | Device |   Up  |          Address           |      Mask     | Scope  |     Hw-Address    |
[   25.185066] cloud-init[985]: ci-info: +--------+-------+----------------------------+---------------+--------+-------------------+
[   25.190183] cloud-init[985]: ci-info: | enp0s3 |  True |         10.0.2.15          | 255.255.255.0 | global | 02:3b:7b:b7:3b:2d |
[   25.195005] cloud-init[985]: ci-info: | enp0s3 |  True | fd00::3b:7bff:feb7:3b2d/64 |       .       | global | 02:3b:7b:b7:3b:2d |
[   25.200916] cloud-init[985]: ci-info: | enp0s3 |  True | fe80::3b:7bff:feb7:3b2d/64 |       .       |  link  | 02:3b:7b:b7:3b:2d |
[   25.205065] cloud-init[985]: ci-info: | enp0s8 | False |             .              |       .       |   .    | 08:00:27:d6:71:ac |
[   25.210543] cloud-init[985]: ci-info: | enp0s9 | False |             .              |       .       |   .    | 08:00:27:9b:9d:3e |
[   25.215846] cloud-init[985]: ci-info: |   lo   |  True |         127.0.0.1          |   255.0.0.0   |  host  |         .         |
[   25.220756] cloud-init[985]: ci-info: |   lo   |  True |          ::1/128           |       .       |  host  |         .         |
[   25.225636] cloud-init[985]: ci-info: +--------+-------+----------------------------+---------------+--------+-------------------+
[   25.230975] cloud-init[985]: ci-info: ++++++++++++++++++++++++++++Route IPv4 info+++++++++++++++++++++++++++++
[   25.235177] cloud-init[985]: ci-info: +-------+-------------+----------+-----------------+-----------+-------+
[   25.239250] cloud-init[985]: ci-info: | Route | Destination | Gateway  |     Genmask     | Interface | Flags |
[   25.243294] cloud-init[985]: ci-info: +-------+-------------+----------+-----------------+-----------+-------+
[   25.247070] cloud-init[985]: ci-info: |   0   |   0.0.0.0   | 10.0.2.2 |     0.0.0.0     |   enp0s3  |   UG  |
[   25.251824] cloud-init[985]: ci-info: |   1   |   10.0.2.0  | 0.0.0.0  |  255.255.255.0  |   enp0s3  |   U   |
[   25.256518] cloud-init[985]: ci-info: |   2   |   10.0.2.2  | 0.0.0.0  | 255.255.255.255 |   enp0s3  |   UH  |
[   25.261083] cloud-init[985]: ci-info: +-------+-------------+----------+-----------------+-----------+-------+
[   25.265699] cloud-init[985]: ci-info: +++++++++++++++++++Route IPv6 info+++++++++++++++++++
[   25.270550] cloud-init[985]: ci-info: +-------+-------------+---------+-----------+-------+
[   25.274552] cloud-init[985]: ci-info: | Route | Destination | Gateway | Interface | Flags |
[   25.278432] cloud-init[985]: ci-info: +-------+-------------+---------+-----------+-------+
[   25.282181] cloud-init[985]: ci-info: |   1   |  fd00::/64  |    ::   |   enp0s3  |   U   |
[   25.285746] cloud-init[985]: ci-info: |   2   |  fe80::/64  |    ::   |   enp0s3  |   U   |
[   25.291019] cloud-init[985]: ci-info: |   3   |     ::/0    | fe80::2 |   enp0s3  |   UG  |
[   25.295164] cloud-init[985]: ci-info: |   5   |    local    |    ::   |   enp0s3  |   U   |
[   25.298970] cloud-init[985]: ci-info: |   6   |   ff00::/8  |    ::   |   enp0s3  |   U   |
[   25.302408] cloud-init[985]: ci-info: +-------+-------------+---------+-----------+-------+
[   27.009743] cloud-init[985]: Generating public/private rsa key pair.
[   27.013116] cloud-init[985]: Your identification has been saved in /etc/ssh/ssh_host_rsa_key.
[   27.020482] cloud-init[985]: Your public key has been saved in /etc/ssh/ssh_host_rsa_key.pub.
[   27.027426] cloud-init[985]: The key fingerprint is:
[   27.034148] cloud-init[985]: SHA256:KdEVOx4tkcBWAu2EjaVNZHwIore8D/UNjONRUHN8Ai4 root@ubuntu-bionic
[   27.043728] cloud-init[985]: The key's randomart image is:
[   27.050074] cloud-init[985]: +---[RSA 2048]----+
[   27.055692] cloud-init[985]: |    . +&@**o     |
[   27.061871] cloud-init[985]: |   . .oOO==+.    |
[   27.067930] cloud-init[985]: |  . . E+=.=o.    |
[   27.073069] cloud-init[985]: |   o . *.o +     |
[   27.077877] cloud-init[985]: |    o * S .      |
[   27.083324] cloud-init[985]: |     + = o       |
[   27.088872] cloud-init[985]: |    o . . .      |
[   27.094362] cloud-init[985]: |     o           |[[0;32m  OK  [0m] Started Initial cloud-init job (metadata service crawler).
[[0;32m  OK  [0m] Reached target System Initialization.

         Starting LXD - unix socket.
[[0;32m  OK  [0m] Listening on ACPID Listen Socket.
[[0;32m  OK  [0m] Listening on cloud-init hotplug hook socket.
[[0;32m  OK  [0m] Started Daily Cleanup of Temporary Directories.
[[0;32m  OK  [0m] Started Ubuntu Advantage Timer for running repeated jobs.
[[0;32m  OK  [0m] Started Discard unused blocks once a week.
         Starting Socket activation for snappy daemon.
[[0;32m  OK  [0m] Started Message of the Day.
[[0;32m  OK  [0m] Listening on Open-iSCSI iscsid Socket.
[[0;32m  OK  [0m] Listening on D-Bus System Message Bus Socket.
[[0;32m  OK  [0m] Started ACPI Events Check.
[[0;32m  OK  [0m] Listening on UUID daemon activation socket.
[[0;32m  OK  [0m] Started Daily apt download activities.
[[0;32m  OK  [0m] Reached target Paths.
[[0;32m  OK  [0m] Started Daily apt upgrade and clean activities.
[[0;32m  OK  [0m] Reached target Timers.
[[0;32m  OK  [0m] Reached target Cloud-config availability.
[[0;32m  OK  [0m] Reached target Network is Online.
         Starting Availability of block devices...
[[0;32m  OK  [0m] Reached target Remote File Systems (Pre).
[[0;32m  OK  [0m] Reached target Remote File Systems.
[[0;32m  OK  [0m] Listening on LXD - unix socket.
[[0;32m  OK  [0m] Listening on Socket activation for snappy daemon.
[[0;32m  OK  [0m] Reached target Sockets.
[[0;32m  OK  [0m] Reached target Basic System.
[[0;32m  OK  [0m] Started irqbalance daemon.
[[0;32m  OK  [0m] Started Regular background program processing daemon.
         Starting Accounts Service...
[   27.158616] cloud-init[985]: |      .          |
[   27.164939] cloud-init[985]: +----[SHA256]-----+
[   27.170652] cloud-init[985]: Generating public/private dsa key pair.
[   27.178509] cloud-init[985]: Your identification has been saved in /etc/ssh/ssh_host_dsa_key.
[   27.185253] cloud-init[985]: Your public key has been saved in /etc/ssh/ssh_host_dsa_key.pub.
[   27.195366] cloud-init[985]: The key fingerprint is:         Starting Snap Daemon...
         Starting Permit User Sessions...
[[0;32m  OK  [0m] Started FUSE filesystem for LXC.

[   27.222937] cloud-init[985]:          Starting LSB: Record successful boot for GRUB...
SHA256:KCBUjKpoDsidTYa5ps87srLekPSuIySZjZBjxhD1NQg root@ubuntu-bionic
[   27.268723]          Starting Pollinate to seed the pseudo random number generator...
[[0;32m  OK  [0m] Started Deferred execution scheduler.
         Starting Virtualbox guest utils...
cloud-init[985]: The key's randomart image is:
         Starting Login Service...
[   27.355696] cloud-init[985]: +---[DSA 1024]----+
[   27.429015] cloud-init[985]: |.+Eo .o          |
[   27.464931] cloud-init[985]: |o. o.. .         |
[   27.502461] cloud-init[985]: |=.. +            |
[   27.602086]          Starting Dispatcher daemon for systemd-networkd...
cloud-init[985]: |== + o .         |
[   27.701949] cloud-init[[0;32m  OK  [0m] Started D-Bus System Message Bus.
[985]: |OB. B . S        |
[   27.754456] cloud-init[985]: |@++= o           |
[   27.778334] cloud-init[985]: |*oo.             |
[   27.783802] cloud-init[985]: |o==.             |
[   27.791559] cloud-init[985]: |==**o            |
[   27.797391] cloud-init[985]: +----[SHA256]-----+
[   27.802703] cloud-init[985]: Generating public/private ecdsa key pair.
[   27.823778] cloud-init[985]: Your identification has been saved in /etc/ssh/ssh_host_ecdsa_key.
[   27.856093] cloud-init[985]: Your public key has been saved in /etc/ssh/ssh_host_ecdsa_key.pub.
[   27.863349] cloud-init[985]: The key fingerprint is:
[   27.869928] cloud-init[985]: SHA256:WJpSmyGsXSaiuoExyMaWbzeIWltUqaoi/QMi0rQMIdU root@ubuntu-bionic
[   27.881365] cloud-init[985]: The key's randomart image is:
[   27.887597] cloud-init[985]: +---[ECDSA 256]---+
[   27.922241] cloud-init[985]: | ...             |
[   27.963570] cloud-init[985]: |o  .E  .         |
[   27.970284] cloud-init[985]: |... + B .        |
[   27.977538] cloud-init[985]: |=.o+ O O         |
[   27.982622] cloud-init[985]: |=@..= * S        |
[   27.988031] cloud-init[985]: |OoBo..           |
[   27.993951] cloud-init[985]: |*+o=.o           |
[   28.000036] cloud-init[985]: |+=ooo .          |
[   28.006864] cloud-init[985]: |* ....           |
[   28.012672] cloud-init[985]: +----[SHA256]-----+
[   28.021882] cloud-init         Starting LSB: automatic crash report generation...
[985]:          Starting System Logging Service...
[[0;32m  OK  [0m] Reached target Login Prompts (Pre).
         Starting LXD - container startup/shutdown...
Generating public/private ed25519 key pair.
[[0;32m  OK  [0m] Started Availability of block devices.
[   28.051793] [[0;32m  OK  [0m] Started Permit User Sessions.
cloud-init[985]: Your identification has been saved in /etc/ssh/ssh_host_ed25519_key.
[   28.078107] cloud-init[985]: Your public key has been saved in /etc/ssh/ssh_host_ed25519_key.pub.
[   28.085767] cloud-init[985]: The key fingerprint is:
[   28.092025] cloud-init[985]: SHA256:fGbcslUS9Aa+S6vTGbHeDNKqizGoMCgne+gnkMLmIv4 root@ubuntu-bionic
[   28.101618] cloud-init[985]: The key's randomart image is:
[   28.118568] cloud-init[985]: +--[ED25519 256]--+
[   28.129399] cloud-init[985]: |           .+    |
[   28.183416] cloud-init[985]: |           . +   |
[   28.201928] cloud-init[985]: |            o +  |
[   28.207929] cloud-init[985]: |       . . ..=   |
[   28.213834] cloud-init[985]: |..      S *.=o   |
[   28.222286] cloud-init[985]: |=o   .   +.==o   |
[[0;32m  OK  [0m] Started Login Service.
[   28.251900] cloud-init[985]: |@.. . o   .=o*   |
[   28.272812] cloud-init[985]: |=O.o   +  o.+ o  |
[   28.279639] cloud-init[985]: |*+=E  . oo..     |
[   28.289910] cloud-init[985]: +----[SHA256]-----+
[[0;32m  OK  [0m] Started LSB: automatic crash report generation.
         Starting Authorization Manager...
[[0;32m  OK  [0m] Started Unattended Upgrades Shutdown.
         Starting Hostname Service...
         Starting Hold until boot process finishes up...
         Starting Terminate Plymouth Boot Screen...
[[0;32m  OK  [0m] Started Hold until boot process finishes up.
[[0;32m  OK  [0m] Started Terminate Plymouth Boot Screen.
[[0;32m  OK  [0m] Started Serial Getty on ttyS0.
         Starting Set console scheme...
[[0;32m  OK  [0m] Started System Logging Service.
[[0;32m  OK  [0m] Started LSB: Record successful boot for GRUB.
[[0;32m  OK  [0m] Started Hostname Service.
[[0;32m  OK  [0m] Started Set console scheme.
[[0;32m  OK  [0m] Created slice system-getty.slice.
[[0;32m  OK  [0m] Started Getty on tty1.
[[0;32m  OK  [0m] Reached target Login Prompts.
[[0;32m  OK  [0m] Started Virtualbox guest utils.
[[0;32m  OK  [0m] Started Authorization Manager.
[[0;32m  OK  [0m] Started Accounts Service.
[[0;32m  OK  [0m] Started Dispatcher daemon for systemd-networkd.
[[0;32m  OK  [0m] Started LXD - container startup/shutdown.
[[0;32m  OK  [0m] Started Snap Daemon.
         Starting Wait until snapd is fully seeded...
[[0;32m  OK  [0m] Started Pollinate to seed the pseudo random number generator.
         Starting OpenBSD Secure Shell server...
[[0;32m  OK  [0m] Started OpenBSD Secure Shell server.
[[0;32m  OK  [0m] Created slice User Slice of vagrant.
         Starting User Manager for UID 1000...
[[0;32m  OK  [0m] Started Session 1 of user vagrant.
[[0;32m  OK  [0m] Started User Manager for UID 1000.
         Starting Time & Date Service...
[[0;32m  OK  [0m] Started Time & Date Service.

Ubuntu 18.04.6 LTS ubuntu-bionic ttyS0

ubuntu-bionic login: [   37.678530] cloud-init[1677]: Cloud-init v. 23.1.2-0ubuntu0~18.04.1 running 'modules:config' at Wed, 18 Dec 2024 21:46:04 +0000. Up 36.92 seconds.
ci-info: no authorized SSH keys fingerprints found for user ubuntu.
<14>Dec 18 21:46:06 cloud-init: #############################################################
<14>Dec 18 21:46:06 cloud-init: -----BEGIN SSH HOST KEY FINGERPRINTS-----
<14>Dec 18 21:46:06 cloud-init: 1024 SHA256:KCBUjKpoDsidTYa5ps87srLekPSuIySZjZBjxhD1NQg root@ubuntu-bionic (DSA)
<14>Dec 18 21:46:06 cloud-init: 256 SHA256:WJpSmyGsXSaiuoExyMaWbzeIWltUqaoi/QMi0rQMIdU root@ubuntu-bionic (ECDSA)
<14>Dec 18 21:46:06 cloud-init: 256 SHA256:fGbcslUS9Aa+S6vTGbHeDNKqizGoMCgne+gnkMLmIv4 root@ubuntu-bionic (ED25519)
<14>Dec 18 21:46:06 cloud-init: 2048 SHA256:KdEVOx4tkcBWAu2EjaVNZHwIore8D/UNjONRUHN8Ai4 root@ubuntu-bionic (RSA)
<14>Dec 18 21:46:06 cloud-init: -----END SSH HOST KEY FINGERPRINTS-----
<14>Dec 18 21:46:06 cloud-init: #############################################################
-----BEGIN SSH HOST KEY KEYS-----
ecdsa-sha2-nistp256 AAAAE2VjZHNhLXNoYTItbmlzdHAyNTYAAAAIbmlzdHAyNTYAAABBBANOh1YjeN0iJGvPMAf7+WxYvU4mVoTMUEZUalCqkwaLOpUACB8+zssuZoYYd8+7mycGdxirfBvsNE7q0u6t4Y0= root@ubuntu-bionic
ssh-ed25519 AAAAC3NzaC1lZDI1NTE5AAAAIAMxdlsNMRtppsifX4AeS+YypSeXTsWJFn4jBOYcBbiI root@ubuntu-bionic
ssh-rsa AAAAB3NzaC1yc2EAAAADAQABAAABAQDP9LfPnKt8wNHV2FJjD+H2TDb05ll+/ccVfHUBjIMOSqQIP5j6Inj+yubhEjyQ+Kl8sNcYJ2GoQjZ5aSsqYDBCxLe7JqWuH22pluDq4Eh2PaMvfIUmgLbwaOnbzpDaL913+fbKoRYBD20GEmLzu49xzSuWM27V+sbIEO4cYEQfb57TPAUubEC5FureVHvW1KtP4kEx1A88W1b6OEXY9DyR1zRJmSSRX1bs90EGwiwmV74RnSjn2G0Y04plNgRgSEL3cz/+U4iFN5+1imb9Ho+08+AOdc/jgHCagDwFTlQPIzl3lTLcJLOo0yJZGMgCvu7+cDAl+EVH5J+ZelXB/pFp root@ubuntu-bionic
-----END SSH HOST KEY KEYS-----
[   38.917015] cloud-init[1843]: Cloud-init v. 23.1.2-0ubuntu0~18.04.1 running 'modules:final' at Wed, 18 Dec 2024 21:46:06 +0000. Up 38.55 seconds.
[   38.917212] cloud-init[1843]: Cloud-init v. 23.1.2-0ubuntu0~18.04.1 finished at Wed, 18 Dec 2024 21:46:06 +0000. Datasource DataSourceNoCloud [seed=/dev/sdb][dsmode=net].  Up 38.90 seconds
